<?xml version="1.0" encoding="UTF-8"?>
<!-- Generated by org.testng.reporters.JUnitXMLReporter -->
<testsuite ignored="0" hostname="wsb-174" failures="1" tests="3" name="ChromeTest" time="5.86" errors="0" timestamp="20 Dec 2017 14:31:26 GMT">
  <testcase classname="com.gmail.BaseTest" name="@AfterMethod endTest" time="0.001">
    <failure type="java.lang.NullPointerException">
      <![CDATA[java.lang.NullPointerExceptionat com.gmail.BaseTest.endTest(BaseTest.java:35)... Removed 32 stack frames]]>
    </failure>
  </testcase> <!-- @AfterMethod endTest -->
  <testcase classname="com.gmail.BaseTest" name="@BeforeMethod initTest" time="0.0">
    <skipped/>
  </testcase> <!-- @BeforeMethod initTest -->
  <testcase classname="com.gmail.BaseTest" name="@AfterMethod endTest" time="0.0">
    <skipped/>
  </testcase> <!-- @AfterMethod endTest -->
  <testcase classname="com.gmail.BaseTest" name="@BeforeMethod initTest" time="0.0">
    <skipped/>
  </testcase> <!-- @BeforeMethod initTest -->
  <testcase classname="com.gmail.BaseTest" name="@AfterMethod endTest" time="0.0">
    <skipped/>
  </testcase> <!-- @AfterMethod endTest -->
  <testcase classname="com.gmail.authorization.AuthorizationTest" name="authWithInvalidLogin" time="0.003">
    <failure type="java.lang.NullPointerException">
      <![CDATA[java.lang.NullPointerExceptionat com.pages.base.BasePage.<init>(BasePage.java:10)at com.pages.objects.gmail.authorization.GmailLoginPage.<init>(GmailLoginPage.java:21)at com.pages.factory.PagesFactory.getLoginPage(PagesFactory.java:13)at com.gmail.authorization.AuthorizationTest.authWithInvalidLogin(AuthorizationTest.java:29)... Removed 29 stack frames]]>
    </failure>
  </testcase> <!-- authWithInvalidLogin -->
  <testcase classname="com.gmail.authorization.AuthorizationTest" name="authWithInvalidPassword" time="0.0">
    <skipped/>
  </testcase> <!-- authWithInvalidPassword -->
  <testcase classname="com.gmail.authorization.AuthorizationTest" name="authWithValidData" time="0.0">
    <skipped/>
  </testcase> <!-- authWithValidData -->
</testsuite> <!-- ChromeTest -->
