<?xml version="1.0" encoding="UTF-8"?>
<testsuite xmlns:xsi="http://www.w3.org/2001/XMLSchema-instance" xsi:noNamespaceSchemaLocation="https://maven.apache.org/surefire/maven-surefire-plugin/xsd/surefire-test-report.xsd" name="TestSuite" time="13.984" tests="16" errors="0" skipped="12" failures="4">
  <properties>
[...]
</properties>
  <testcase name="authWithInvalidLogin" classname="com.gmail.authorization.AuthorizationTest" time="0.015">
    <failure type="java.lang.NullPointerException">java.lang.NullPointerException
	at com.gmail.authorization.AuthorizationTest.authWithInvalidLogin(AuthorizationTest.java:29)
</failure>
    <system-err><![CDATA[Starting ChromeDriver 2.33.506120 (e3e53437346286c0bc2d2dc9aa4915ba81d9023f) on port 8000
Only local connections are allowed.
Dec 20, 2017 5:31:22 PM org.openqa.selenium.remote.ProtocolHandshake createSession
INFO: Detected dialect: OSS
]]></system-err>
  </testcase>
  <testcase name="authWithInvalidLogin" classname="com.gmail.authorization.AuthorizationTest" time="0">
    <failure type="java.lang.NullPointerException">java.lang.NullPointerException
	at com.gmail.authorization.AuthorizationTest.authWithInvalidLogin(AuthorizationTest.java:29)
</failure>
    <system-err><![CDATA[1513780286658	geckodriver	INFO	geckodriver 0.19.0
1513780286666	geckodriver	INFO	Listening on 127.0.0.1:2711
1513780286818	mozrunner::runner	INFO	Running command: "C:\\Program Files\\Mozilla Firefox\\firefox.exe" "-marionette" "-profile" "C:\\Users\\IVAN~1.ZIA\\AppData\\Local\\Temp\\rust_mozprofile.HDVVPt2i4ZRL"
1513780287071	addons.xpi	WARN	Error parsing extensions state: [Exception... "Component returned failure code: 0x80520012 (NS_ERROR_FILE_NOT_FOUND) [amIAddonManagerStartup.readStartupData]"  nsresult: "0x80520012 (NS_ERROR_FILE_NOT_FOUND)"  location: "JS frame :: resource://gre/modules/addons/XPIProvider.jsm :: loadExtensionState :: line 1554"  data: no] Stack trace: loadExtensionState()@resource://gre/modules/addons/XPIProvider.jsm:1554 < getInstallState()@resource://gre/modules/addons/XPIProvider.jsm:1589 < checkForChanges()@resource://gre/modules/addons/XPIProvider.jsm:3109 < startup()@resource://gre/modules/addons/XPIProvider.jsm:2188 < callProvider()@resource://gre/modules/AddonManager.jsm:269 < _startProvider()@resource://gre/modules/AddonManager.jsm:739 < startup()@resource://gre/modules/AddonManager.jsm:906 < startup()@resource://gre/modules/AddonManager.jsm:3090 < observe()@jar:file:///C:/Program%20Files/Mozilla%20Firefox/omni.ja!/components/addonManager.js:65
1513780287765	Marionette	INFO	Enabled via --marionette
Unable to read VR Path Registry from C:\Users\ivan.zialinski\AppData\Local\openvr\openvrpaths.vrpath
[Child 15504] WARNING: pipe error: 109: file z:/build/build/src/ipc/chromium/src/chrome/common/ipc_channel_win.cc, line 346
[Child 15504] WARNING: pipe error: 109: file z:/build/build/src/ipc/chromium/src/chrome/common/ipc_channel_win.cc, line 346
1513780290555	Marionette	INFO	Listening on port 52058
1513780290956	Marionette	WARN	TLS certificate errors will be ignored for this session
1513780290986	Marionette	DEBUG	Register listener.js for window 4294967297
Dec 20, 2017 5:31:30 PM org.openqa.selenium.remote.ProtocolHandshake createSession
INFO: Detected dialect: W3C
1513780291050	Marionette	DEBUG	Received DOM event "beforeunload" for "about:blank"
1513780292734	Marionette	DEBUG	Received DOM event "pagehide" for "about:blank"
1513780292734	Marionette	DEBUG	Received DOM event "unload" for "about:blank"
1513780293352	Marionette	DEBUG	Received DOM event "DOMContentLoaded" for "https://accounts.google.com/signin/v2/identifier?service=mail&passive=true&rm=false&continue=https%3A%2F%2Fmail.google.com%2Fmail%2F&ss=1&scc=1&ltmpl=default&ltmplcache=2&emr=1&osid=1&flowName=GlifWebSignIn&flowEntry=ServiceLogin"
1513780293551	Marionette	DEBUG	Received observer notification "outer-window-destroyed" for "4294967303"
1513780293578	Marionette	DEBUG	Received DOM event "pageshow" for "https://accounts.google.com/signin/v2/identifier?service=mail&passive=true&rm=false&continue=https%3A%2F%2Fmail.google.com%2Fmail%2F&ss=1&scc=1&ltmpl=default&ltmplcache=2&emr=1&osid=1&flowName=GlifWebSignIn&flowEntry=ServiceLogin"
]]></system-err>
  </testcase>
  <testcase name="endTest" classname="com.gmail.authorization.AuthorizationTest" time="0.017">
    <failure type="java.lang.NullPointerException">java.lang.NullPointerException
</failure>
  </testcase>
  <testcase name="endTest" classname="com.gmail.authorization.AuthorizationTest" time="0">
    <skipped/>
  </testcase>
  <testcase name="endTest" classname="com.gmail.authorization.AuthorizationTest" time="0">
    <skipped/>
  </testcase>
  <testcase name="endTest" classname="com.gmail.authorization.AuthorizationTest" time="0.001">
    <failure type="java.lang.NullPointerException">java.lang.NullPointerException
</failure>
  </testcase>
  <testcase name="endTest" classname="com.gmail.authorization.AuthorizationTest" time="0">
    <skipped/>
  </testcase>
  <testcase name="endTest" classname="com.gmail.authorization.AuthorizationTest" time="0">
    <skipped/>
  </testcase>
  <testcase name="initTest" classname="com.gmail.authorization.AuthorizationTest" time="0">
    <skipped/>
  </testcase>
  <testcase name="initTest" classname="com.gmail.authorization.AuthorizationTest" time="0">
    <skipped/>
  </testcase>
  <testcase name="initTest" classname="com.gmail.authorization.AuthorizationTest" time="0">
    <skipped/>
  </testcase>
  <testcase name="initTest" classname="com.gmail.authorization.AuthorizationTest" time="0">
    <skipped/>
  </testcase>
  <testcase name="authWithInvalidPassword" classname="com.gmail.authorization.AuthorizationTest" time="0">
    <skipped/>
  </testcase>
  <testcase name="authWithInvalidPassword" classname="com.gmail.authorization.AuthorizationTest" time="0">
    <skipped/>
  </testcase>
  <testcase name="authWithValidData" classname="com.gmail.authorization.AuthorizationTest" time="0">
    <skipped/>
  </testcase>
  <testcase name="authWithValidData" classname="com.gmail.authorization.AuthorizationTest" time="0">
    <skipped/>
  </testcase>
</testsuite>